This is pdfTeX, Version 3.1415926-2.3-1.40.12 (MiKTeX 2.9) (preloaded format=pdflatex 2019.3.12)  13 NOV 2019 19:26
entering extended mode
**C:/Users/mhq19/Desktop/Notes/__Revision*Notes/MA3111/MA3111.tex
("C:/Users/mhq19/Desktop/Notes/__Revision Notes/MA3111/MA3111.tex"
LaTeX2e <2011/06/27>
Babel <v3.8m> and hyphenation patterns for loaded.
(C:\CTEX\MiKTeX\tex\latex\base\article.cls
Document Class: article 2007/10/19 v1.4h Standard LaTeX document class
(C:\CTEX\MiKTeX\tex\latex\base\size12.clo
File: size12.clo 2007/10/19 v1.4h Standard LaTeX file (size option)
)
\c@part=\count79
\c@section=\count80
\c@subsection=\count81
\c@subsubsection=\count82
\c@paragraph=\count83
\c@subparagraph=\count84
\c@figure=\count85
\c@table=\count86
\abovecaptionskip=\skip41
\belowcaptionskip=\skip42
\bibindent=\dimen102
)
(C:\CTEX\MiKTeX\tex\latex\geometry\geometry.sty
Package: geometry 2010/09/12 v5.6 Page Geometry

(C:\CTEX\MiKTeX\tex\latex\graphics\keyval.sty
Package: keyval 1999/03/16 v1.13 key=value parser (DPC)
\KV@toks@=\toks14
)
(C:\CTEX\MiKTeX\tex\generic\oberdiek\ifpdf.sty
Package: ifpdf 2011/01/30 v2.3 Provides the ifpdf switch (HO)
Package ifpdf Info: pdfTeX in PDF mode is detected.
)
(C:\CTEX\MiKTeX\tex\generic\oberdiek\ifvtex.sty
Package: ifvtex 2010/03/01 v1.5 Switches for detecting VTeX and its modes (HO)
Package ifvtex Info: VTeX not detected.
)
(C:\CTEX\MiKTeX\tex\generic\ifxetex\ifxetex.sty
Package: ifxetex 2010/09/12 v0.6 Provides ifxetex conditional
)
\Gm@cnth=\count87
\Gm@cntv=\count88
\c@Gm@tempcnt=\count89
\Gm@bindingoffset=\dimen103
\Gm@wd@mp=\dimen104
\Gm@odd@mp=\dimen105
\Gm@even@mp=\dimen106
\Gm@layoutwidth=\dimen107
\Gm@layoutheight=\dimen108
\Gm@layouthoffset=\dimen109
\Gm@layoutvoffset=\dimen110
\Gm@dimlist=\toks15

(C:\CTEX\MiKTeX\tex\latex\geometry\geometry.cfg))
(C:\CTEX\MiKTeX\tex\latex\graphics\graphicx.sty
Package: graphicx 1999/02/16 v1.0f Enhanced LaTeX Graphics (DPC,SPQR)

(C:\CTEX\MiKTeX\tex\latex\graphics\graphics.sty
Package: graphics 2009/02/05 v1.0o Standard LaTeX Graphics (DPC,SPQR)

(C:\CTEX\MiKTeX\tex\latex\graphics\trig.sty
Package: trig 1999/03/16 v1.09 sin cos tan (DPC)
)
(C:\CTEX\MiKTeX\tex\latex\00miktex\graphics.cfg
File: graphics.cfg 2007/01/18 v1.5 graphics configuration of teTeX/TeXLive
)
Package graphics Info: Driver file: pdftex.def on input line 91.

(C:\CTEX\MiKTeX\tex\latex\pdftex-def\pdftex.def
File: pdftex.def 2011/05/27 v0.06d Graphics/color for pdfTeX

(C:\CTEX\MiKTeX\tex\generic\oberdiek\infwarerr.sty
Package: infwarerr 2010/04/08 v1.3 Providing info/warning/message (HO)
)
(C:\CTEX\MiKTeX\tex\generic\oberdiek\ltxcmds.sty
Package: ltxcmds 2011/04/18 v1.20 LaTeX kernel commands for general use (HO)
)
\Gread@gobject=\count90
))
\Gin@req@height=\dimen111
\Gin@req@width=\dimen112
)
(C:\CTEX\MiKTeX\tex\latex\ams\math\amsmath.sty
Package: amsmath 2000/07/18 v2.13 AMS math features
\@mathmargin=\skip43

For additional information on amsmath, use the `?' option.
(C:\CTEX\MiKTeX\tex\latex\ams\math\amstext.sty
Package: amstext 2000/06/29 v2.01

(C:\CTEX\MiKTeX\tex\latex\ams\math\amsgen.sty
File: amsgen.sty 1999/11/30 v2.0
\@emptytoks=\toks16
\ex@=\dimen113
))
(C:\CTEX\MiKTeX\tex\latex\ams\math\amsbsy.sty
Package: amsbsy 1999/11/29 v1.2d
\pmbraise@=\dimen114
)
(C:\CTEX\MiKTeX\tex\latex\ams\math\amsopn.sty
Package: amsopn 1999/12/14 v2.01 operator names
)
\inf@bad=\count91
LaTeX Info: Redefining \frac on input line 211.
\uproot@=\count92
\leftroot@=\count93
LaTeX Info: Redefining \overline on input line 307.
\classnum@=\count94
\DOTSCASE@=\count95
LaTeX Info: Redefining \ldots on input line 379.
LaTeX Info: Redefining \dots on input line 382.
LaTeX Info: Redefining \cdots on input line 467.
\Mathstrutbox@=\box26
\strutbox@=\box27
\big@size=\dimen115
LaTeX Font Info:    Redeclaring font encoding OML on input line 567.
LaTeX Font Info:    Redeclaring font encoding OMS on input line 568.
\macc@depth=\count96
\c@MaxMatrixCols=\count97
\dotsspace@=\muskip10
\c@parentequation=\count98
\dspbrk@lvl=\count99
\tag@help=\toks17
\row@=\count100
\column@=\count101
\maxfields@=\count102
\andhelp@=\toks18
\eqnshift@=\dimen116
\alignsep@=\dimen117
\tagshift@=\dimen118
\tagwidth@=\dimen119
\totwidth@=\dimen120
\lineht@=\dimen121
\@envbody=\toks19
\multlinegap=\skip44
\multlinetaggap=\skip45
\mathdisplay@stack=\toks20
LaTeX Info: Redefining \[ on input line 2666.
LaTeX Info: Redefining \] on input line 2667.
)
(C:\CTEX\MiKTeX\tex\latex\amsfonts\amsfonts.sty
Package: amsfonts 2009/06/22 v3.00 Basic AMSFonts support
\symAMSa=\mathgroup4
\symAMSb=\mathgroup5
LaTeX Font Info:    Overwriting math alphabet `\mathfrak' in version `bold'
(Font)                  U/euf/m/n --> U/euf/b/n on input line 96.
)
(C:\CTEX\MiKTeX\tex\latex\framed\framed.sty
Package: framed 2007/10/04 v 0.95: framed or shaded text with page breaks
\fb@frw=\dimen122
\fb@frh=\dimen123
\FrameRule=\dimen124
\FrameSep=\dimen125
)
(C:\CTEX\MiKTeX\tex\latex\amsfonts\amssymb.sty
Package: amssymb 2009/06/22 v3.00
)
(C:\CTEX\MiKTeX\tex\latex\tools\array.sty
Package: array 2008/09/09 v2.4c Tabular extension package (FMi)
\col@sep=\dimen126
\extrarowheight=\dimen127
\NC@list=\toks21
\extratabsurround=\skip46
\backup@length=\skip47
)
(C:\CTEX\MiKTeX\tex\latex\ams\classes\amsthm.sty
Package: amsthm 2004/08/06 v2.20
\thm@style=\toks22
\thm@bodyfont=\toks23
\thm@headfont=\toks24
\thm@notefont=\toks25
\thm@headpunct=\toks26
\thm@preskip=\skip48
\thm@postskip=\skip49
\thm@headsep=\skip50
\dth@everypar=\toks27
)
(C:\CTEX\MiKTeX\tex\latex\tocbibind\tocbibind.sty
Package: tocbibind 2010/10/13 v1.5k extra ToC listings
Package tocbibind Info: The document has section divisions on input line 50.


Package tocbibind Note: Using section or other style headings.

) (C:\CTEX\MiKTeX\tex\latex\tools\bm.sty
Package: bm 2004/02/26 v1.1c Bold Symbol Support (DPC/FMi)
\symboldoperators=\mathgroup6
\symboldletters=\mathgroup7
\symboldsymbols=\mathgroup8
LaTeX Font Info:    Redeclaring math alphabet \mathbf on input line 138.
LaTeX Info: Redefining \bm on input line 204.
)
(C:\CTEX\MiKTeX\tex\latex\enumitem\enumitem.sty
Package: enumitem 2011/09/28 v3.5.2 Customized lists
\labelindent=\skip51
\enit@outerparindent=\dimen128
\enit@toks=\toks28
\enit@inbox=\box28
\enitdp@description=\count103
)
\c@definition=\count104
\c@theorem=\count105
\c@lemma=\count106
\c@corollary=\count107

("C:\Users\mhq19\Desktop\Notes\__Revision Notes\MA3111\MA3111.aux")
LaTeX Font Info:    Checking defaults for OML/cmm/m/it on input line 36.
LaTeX Font Info:    ... okay on input line 36.
LaTeX Font Info:    Checking defaults for T1/cmr/m/n on input line 36.
LaTeX Font Info:    ... okay on input line 36.
LaTeX Font Info:    Checking defaults for OT1/cmr/m/n on input line 36.
LaTeX Font Info:    ... okay on input line 36.
LaTeX Font Info:    Checking defaults for OMS/cmsy/m/n on input line 36.
LaTeX Font Info:    ... okay on input line 36.
LaTeX Font Info:    Checking defaults for OMX/cmex/m/n on input line 36.
LaTeX Font Info:    ... okay on input line 36.
LaTeX Font Info:    Checking defaults for U/cmr/m/n on input line 36.
LaTeX Font Info:    ... okay on input line 36.

*geometry* driver: auto-detecting
*geometry* detected driver: pdftex
*geometry* verbose mode - [ preamble ] result:
* driver: pdftex
* paper: <default>
* layout: <same size as paper>
* layoutoffset:(h,v)=(0.0pt,0.0pt)
* modes: 
* h-part:(L,W,R)=(72.26999pt, 469.75502pt, 72.26999pt)
* v-part:(T,H,B)=(72.26999pt, 650.43001pt, 72.26999pt)
* \paperwidth=614.295pt
* \paperheight=794.96999pt
* \textwidth=469.75502pt
* \textheight=650.43001pt
* \oddsidemargin=0.0pt
* \evensidemargin=0.0pt
* \topmargin=-37.0pt
* \headheight=12.0pt
* \headsep=25.0pt
* \topskip=12.0pt
* \footskip=30.0pt
* \marginparwidth=44.0pt
* \marginparsep=10.0pt
* \columnsep=10.0pt
* \skip\footins=10.8pt plus 4.0pt minus 2.0pt
* \hoffset=0.0pt
* \voffset=0.0pt
* \mag=1000
* \@twocolumnfalse
* \@twosidefalse
* \@mparswitchfalse
* \@reversemarginfalse
* (1in=72.27pt=25.4mm, 1cm=28.453pt)

(C:\CTEX\MiKTeX\tex\context\base\supp-pdf.mkii
[Loading MPS to PDF converter (version 2006.09.02).]
\scratchcounter=\count108
\scratchdimen=\dimen129
\scratchbox=\box29
\nofMPsegments=\count109
\nofMParguments=\count110
\everyMPshowfont=\toks29
\MPscratchCnt=\count111
\MPscratchDim=\dimen130
\MPnumerator=\count112
\makeMPintoPDFobject=\count113
\everyMPtoPDFconversion=\toks30
)
LaTeX Font Info:    Try loading font information for U+msa on input line 40.
 (C:\CTEX\MiKTeX\tex\latex\amsfonts\umsa.fd
File: umsa.fd 2009/06/22 v3.00 AMS symbols A
)
LaTeX Font Info:    Try loading font information for U+msb on input line 40.

(C:\CTEX\MiKTeX\tex\latex\amsfonts\umsb.fd
File: umsb.fd 2009/06/22 v3.00 AMS symbols B
)
("C:\Users\mhq19\Desktop\Notes\__Revision Notes\MA3111\MA3111.toc")
\tf@toc=\write3
 [1

{C:/CTEX/UserData/pdftex/config/pdftex.map{Unicode.sfd}{UGBK.sfd}}]
LaTeX Font Info:    Try loading font information for OMS+cmr on input line 59.

(C:\CTEX\MiKTeX\tex\latex\base\omscmr.fd
File: omscmr.fd 1999/05/25 v2.5h Standard LaTeX font definitions
)
LaTeX Font Info:    Font shape `OMS/cmr/m/n' in size <12> not available
(Font)              Font shape `OMS/cmsy/m/n' tried instead on input line 59.

Underfull \hbox (badness 10000) in paragraph at lines 95--97

 []

[2

] [3]
Underfull \hbox (badness 10000) in paragraph at lines 196--198

 []

[4

] [5] [6]
Underfull \hbox (badness 10000) in paragraph at lines 277--278

 []


Underfull \hbox (badness 10000) in paragraph at lines 290--291

 []

[7

]
Underfull \hbox (badness 10000) in paragraph at lines 320--322

 []

[8]
Underfull \hbox (badness 10000) in paragraph at lines 353--355

 []

[9

] [10] [11] [12]
LaTeX Font Info:    Font shape `OMS/cmr/m/it' in size <12> not available
(Font)              Font shape `OMS/cmsy/m/n' tried instead on input line 555.
 [13]
Underfull \hbox (badness 10000) in paragraph at lines 610--611

 []

[14

] [15] [16] [17] [18] [19] [20

] [21] [22] [23

] [24]
("C:\Users\mhq19\Desktop\Notes\__Revision Notes\MA3111\MA3111.aux") ) 
Here is how much of TeX's memory you used:
 3183 strings out of 495354
 40737 string characters out of 3183859
 106077 words of memory out of 3000000
 6300 multiletter control sequences out of 15000+200000
 18367 words of font info for 67 fonts, out of 3000000 for 9000
 14 hyphenation exceptions out of 8191
 27i,9n,32p,335b,287s stack positions out of 5000i,500n,10000p,200000b,50000s
<C:/CTEX/M
iKTeX/fonts/type1/public/amsfonts/cm/cmbx12.pfb><C:/CTEX/MiKTeX/fonts/type1/pub
lic/amsfonts/cm/cmex10.pfb><C:/CTEX/MiKTeX/fonts/type1/public/amsfonts/cm/cmmi1
2.pfb><C:/CTEX/MiKTeX/fonts/type1/public/amsfonts/cm/cmmi6.pfb><C:/CTEX/MiKTeX/
fonts/type1/public/amsfonts/cm/cmmi8.pfb><C:/CTEX/MiKTeX/fonts/type1/public/ams
fonts/cm/cmr12.pfb><C:/CTEX/MiKTeX/fonts/type1/public/amsfonts/cm/cmr17.pfb><C:
/CTEX/MiKTeX/fonts/type1/public/amsfonts/cm/cmr6.pfb><C:/CTEX/MiKTeX/fonts/type
1/public/amsfonts/cm/cmr8.pfb><C:/CTEX/MiKTeX/fonts/type1/public/amsfonts/cm/cm
sy10.pfb><C:/CTEX/MiKTeX/fonts/type1/public/amsfonts/cm/cmsy8.pfb><C:/CTEX/MiKT
eX/fonts/type1/public/amsfonts/cm/cmti12.pfb><C:/CTEX/MiKTeX/fonts/type1/public
/amsfonts/symbols/msbm10.pfb>
Output written on MA3111.pdf (24 pages, 222804 bytes).
PDF statistics:
 131 PDF objects out of 1000 (max. 8388607)
 0 named destinations out of 1000 (max. 500000)
 1 words of extra memory for PDF output out of 10000 (max. 10000000)

